\BOOKMARK [0][]{chapter.1}{1 Background \046 Objectives}{}% 1
\BOOKMARK [1][-]{section.1.1}{1.1 Background}{chapter.1}% 2
\BOOKMARK [2][-]{subsection.1.1.1}{1.1.1 Origin}{section.1.1}% 3
\BOOKMARK [2][-]{subsection.1.1.2}{1.1.2 Research}{section.1.1}% 4
\BOOKMARK [2][-]{subsection.1.1.3}{1.1.3 Analysis}{section.1.1}% 5
\BOOKMARK [1][-]{section.1.2}{1.2 Process}{chapter.1}% 6
\BOOKMARK [2][-]{subsection.1.2.1}{1.2.1 Agile}{section.1.2}% 7
\BOOKMARK [2][-]{subsection.1.2.2}{1.2.2 Feature Driven Development}{section.1.2}% 8
\BOOKMARK [2][-]{subsection.1.2.3}{1.2.3 eXtream Programming}{section.1.2}% 9
\BOOKMARK [0][]{chapter.2}{2 Design}{}% 10
\BOOKMARK [1][-]{section.2.1}{2.1 Overview of architecture}{chapter.2}% 11
\BOOKMARK [2][-]{subsection.2.1.1}{2.1.1 Initial Design}{section.2.1}% 12
\BOOKMARK [2][-]{subsection.2.1.2}{2.1.2 Final Implementation}{section.2.1}% 13
\BOOKMARK [2][-]{subsection.2.1.3}{2.1.3 Future Development}{section.2.1}% 14
\BOOKMARK [1][-]{section.2.2}{2.2 Client Side}{chapter.2}% 15
\BOOKMARK [2][-]{subsection.2.2.1}{2.2.1 Why An Android Application}{section.2.2}% 16
\BOOKMARK [2][-]{subsection.2.2.2}{2.2.2 Choice of Technologies}{section.2.2}% 17
\BOOKMARK [2][-]{subsection.2.2.3}{2.2.3 Initial Design}{section.2.2}% 18
\BOOKMARK [2][-]{subsection.2.2.4}{2.2.4 Application Structure}{section.2.2}% 19
\BOOKMARK [2][-]{subsection.2.2.5}{2.2.5 Caveats}{section.2.2}% 20
\BOOKMARK [1][-]{section.2.3}{2.3 Server Side}{chapter.2}% 21
\BOOKMARK [2][-]{subsection.2.3.1}{2.3.1 Middle Tier}{section.2.3}% 22
\BOOKMARK [2][-]{subsection.2.3.2}{2.3.2 Database level}{section.2.3}% 23
\BOOKMARK [0][]{chapter.3}{3 Implementation}{}% 24
\BOOKMARK [1][-]{section.3.1}{3.1 Tools used}{chapter.3}% 25
\BOOKMARK [1][-]{section.3.2}{3.2 Android application}{chapter.3}% 26
\BOOKMARK [2][-]{subsection.3.2.1}{3.2.1 Development Hardware}{section.3.2}% 27
\BOOKMARK [2][-]{subsection.3.2.2}{3.2.2 Environment}{section.3.2}% 28
\BOOKMARK [2][-]{subsection.3.2.3}{3.2.3 Features}{section.3.2}% 29
\BOOKMARK [1][-]{section.3.3}{3.3 Server side application}{chapter.3}% 30
\BOOKMARK [2][-]{subsection.3.3.1}{3.3.1 Environment}{section.3.3}% 31
\BOOKMARK [2][-]{subsection.3.3.2}{3.3.2 Middle tier application}{section.3.3}% 32
\BOOKMARK [2][-]{subsection.3.3.3}{3.3.3 Database level}{section.3.3}% 33
\BOOKMARK [1][-]{section.3.4}{3.4 Review of implementation}{chapter.3}% 34
\BOOKMARK [0][]{chapter.4}{4 Testing}{}% 35
\BOOKMARK [1][-]{section.4.1}{4.1 User Testing}{chapter.4}% 36
\BOOKMARK [2][-]{subsection.4.1.1}{4.1.1 Testing community}{section.4.1}% 37
\BOOKMARK [2][-]{subsection.4.1.2}{4.1.2 Test Devices}{section.4.1}% 38
\BOOKMARK [1][-]{section.4.2}{4.2 Unit Testing}{chapter.4}% 39
\BOOKMARK [1][-]{section.4.3}{4.3 UI Testing}{chapter.4}% 40
\BOOKMARK [1][-]{section.4.4}{4.4 Functionality Testing}{chapter.4}% 41
\BOOKMARK [1][-]{section.4.5}{4.5 Stress Testing}{chapter.4}% 42
\BOOKMARK [0][]{chapter.5}{5 Evaluation}{}% 43
\BOOKMARK [0][]{chapter.5}{Appendices}{}% 44
\BOOKMARK [0][]{appendix.A}{A Third-Party Code and Libraries}{}% 45
\BOOKMARK [1][-]{section.A.1}{1.1 Android application}{appendix.A}% 46
\BOOKMARK [2][-]{subsection.A.1.1}{1.1.1 Libraries}{section.A.1}% 47
\BOOKMARK [2][-]{subsection.A.1.2}{1.1.2 Code Snippets}{section.A.1}% 48
\BOOKMARK [1][-]{section.A.2}{1.2 Server side}{appendix.A}% 49
\BOOKMARK [2][-]{subsection.A.2.1}{1.2.1 Libraries}{section.A.2}% 50
\BOOKMARK [2][-]{subsection.A.2.2}{1.2.2 Code Snippets}{section.A.2}% 51
\BOOKMARK [0][]{appendix.B}{B Code samples}{}% 52
\BOOKMARK [1][-]{section.B.1}{2.1 Android Application}{appendix.B}% 53
\BOOKMARK [1][-]{section.B.2}{2.2 Server Side}{appendix.B}% 54
\BOOKMARK [0][]{section.B.2}{Annotated Bibliography}{}% 55
